Copyright 1986-2019 Xilinx, Inc. All Rights Reserved.
--------------------------------------------------------------------------------------------------------------------------------------------------------------------------------
| Tool Version : Vivado v.2019.1 (win64) Build 2552052 Fri May 24 14:49:42 MDT 2019
| Date         : Wed Mar 24 13:42:20 2021
| Host         : DESKTOP-6CH2PUK running 64-bit major release  (build 9200)
| Command      : report_timing_summary -max_paths 10 -file top_timing_summary_routed.rpt -pb top_timing_summary_routed.pb -rpx top_timing_summary_routed.rpx -warn_on_violation
| Design       : top
| Device       : 7a100t-csg324
| Speed File   : -1  PRODUCTION 1.23 2018-06-13
--------------------------------------------------------------------------------------------------------------------------------------------------------------------------------

Timing Summary Report

------------------------------------------------------------------------------------------------
| Timer Settings
| --------------
------------------------------------------------------------------------------------------------

  Enable Multi Corner Analysis               :  Yes
  Enable Pessimism Removal                   :  Yes
  Pessimism Removal Resolution               :  Nearest Common Node
  Enable Input Delay Default Clock           :  No
  Enable Preset / Clear Arcs                 :  No
  Disable Flight Delays                      :  No
  Ignore I/O Paths                           :  No
  Timing Early Launch at Borrowing Latches   :  No
  Borrow Time for Max Delay Exceptions       :  Yes

  Corner  Analyze    Analyze    
  Name    Max Paths  Min Paths  
  ------  ---------  ---------  
  Slow    Yes        Yes        
  Fast    Yes        Yes        



check_timing report

Table of Contents
-----------------
1. checking no_clock
2. checking constant_clock
3. checking pulse_width_clock
4. checking unconstrained_internal_endpoints
5. checking no_input_delay
6. checking no_output_delay
7. checking multiple_clock
8. checking generated_clocks
9. checking loops
10. checking partial_input_delay
11. checking partial_output_delay
12. checking latch_loops

1. checking no_clock
--------------------
 There are 0 register/latch pins with no clock.


2. checking constant_clock
--------------------------
 There are 0 register/latch pins with constant_clock.


3. checking pulse_width_clock
-----------------------------
 There are 0 register/latch pins which need pulse_width check


4. checking unconstrained_internal_endpoints
--------------------------------------------
 There are 0 pins that are not constrained for maximum delay.

 There are 0 pins that are not constrained for maximum delay due to constant clock.


5. checking no_input_delay
--------------------------
 There is 1 input port with no input delay specified. (HIGH)

 There are 0 input ports with no input delay but user has a false path constraint.


6. checking no_output_delay
---------------------------
 There are 12 ports with no output delay specified. (HIGH)

 There are 0 ports with no output delay but user has a false path constraint

 There are 0 ports with no output delay but with a timing clock defined on it or propagating through it


7. checking multiple_clock
--------------------------
 There are 0 register/latch pins with multiple clocks.


8. checking generated_clocks
----------------------------
 There are 0 generated clocks that are not connected to a clock source.


9. checking loops
-----------------
 There are 0 combinational loops in the design.


10. checking partial_input_delay
--------------------------------
 There are 0 input ports with partial input delay specified.


11. checking partial_output_delay
---------------------------------
 There are 0 ports with partial output delay specified.


12. checking latch_loops
------------------------
 There are 0 combinational latch loops in the design through latch input



------------------------------------------------------------------------------------------------
| Design Timing Summary
| ---------------------
------------------------------------------------------------------------------------------------

    WNS(ns)      TNS(ns)  TNS Failing Endpoints  TNS Total Endpoints      WHS(ns)      THS(ns)  THS Failing Endpoints  THS Total Endpoints     WPWS(ns)     TPWS(ns)  TPWS Failing Endpoints  TPWS Total Endpoints  
    -------      -------  ---------------------  -------------------      -------      -------  ---------------------  -------------------     --------     --------  ----------------------  --------------------  
      7.551        0.000                      0                   16        0.324        0.000                      0                   16        4.500        0.000                       0                    17  


All user specified timing constraints are met.


------------------------------------------------------------------------------------------------
| Clock Summary
| -------------
------------------------------------------------------------------------------------------------

Clock        Waveform(ns)       Period(ns)      Frequency(MHz)
-----        ------------       ----------      --------------
sys_clk_pin  {0.000 5.000}      10.000          100.000         


------------------------------------------------------------------------------------------------
| Intra Clock Table
| -----------------
------------------------------------------------------------------------------------------------

Clock             WNS(ns)      TNS(ns)  TNS Failing Endpoints  TNS Total Endpoints      WHS(ns)      THS(ns)  THS Failing Endpoints  THS Total Endpoints     WPWS(ns)     TPWS(ns)  TPWS Failing Endpoints  TPWS Total Endpoints  
-----             -------      -------  ---------------------  -------------------      -------      -------  ---------------------  -------------------     --------     --------  ----------------------  --------------------  
sys_clk_pin         7.551        0.000                      0                   16        0.324        0.000                      0                   16        4.500        0.000                       0                    17  


------------------------------------------------------------------------------------------------
| Inter Clock Table
| -----------------
------------------------------------------------------------------------------------------------

From Clock    To Clock          WNS(ns)      TNS(ns)  TNS Failing Endpoints  TNS Total Endpoints      WHS(ns)      THS(ns)  THS Failing Endpoints  THS Total Endpoints  
----------    --------          -------      -------  ---------------------  -------------------      -------      -------  ---------------------  -------------------  


------------------------------------------------------------------------------------------------
| Other Path Groups Table
| -----------------------
------------------------------------------------------------------------------------------------

Path Group    From Clock    To Clock          WNS(ns)      TNS(ns)  TNS Failing Endpoints  TNS Total Endpoints      WHS(ns)      THS(ns)  THS Failing Endpoints  THS Total Endpoints  
----------    ----------    --------          -------      -------  ---------------------  -------------------      -------      -------  ---------------------  -------------------  


------------------------------------------------------------------------------------------------
| Timing Details
| --------------
------------------------------------------------------------------------------------------------


---------------------------------------------------------------------------------------------------
From Clock:  sys_clk_pin
  To Clock:  sys_clk_pin

Setup :            0  Failing Endpoints,  Worst Slack        7.551ns,  Total Violation        0.000ns
Hold  :            0  Failing Endpoints,  Worst Slack        0.324ns,  Total Violation        0.000ns
PW    :            0  Failing Endpoints,  Worst Slack        4.500ns,  Total Violation        0.000ns
---------------------------------------------------------------------------------------------------


Max Delay Paths
--------------------------------------------------------------------------------------
Slack (MET) :             7.551ns  (required time - arrival time)
  Source:                 C7S/CNT/Q_buf_reg[1]/C
                            (rising edge-triggered cell FDCE clocked by sys_clk_pin  {rise@0.000ns fall@5.000ns period=10.000ns})
  Destination:            C7S/CNT/Q_buf_reg[13]/D
                            (rising edge-triggered cell FDCE clocked by sys_clk_pin  {rise@0.000ns fall@5.000ns period=10.000ns})
  Path Group:             sys_clk_pin
  Path Type:              Setup (Max at Slow Process Corner)
  Requirement:            10.000ns  (sys_clk_pin rise@10.000ns - sys_clk_pin rise@0.000ns)
  Data Path Delay:        2.454ns  (logic 1.692ns (68.952%)  route 0.762ns (31.048%))
  Logic Levels:           4  (CARRY4=4)
  Clock Path Skew:        -0.022ns (DCD - SCD + CPR)
    Destination Clock Delay (DCD):    5.024ns = ( 15.024 - 10.000 ) 
    Source Clock Delay      (SCD):    5.321ns
    Clock Pessimism Removal (CPR):    0.275ns
  Clock Uncertainty:      0.035ns  ((TSJ^2 + TIJ^2)^1/2 + DJ) / 2 + PE
    Total System Jitter     (TSJ):    0.071ns
    Total Input Jitter      (TIJ):    0.000ns
    Discrete Jitter          (DJ):    0.000ns
    Phase Error              (PE):    0.000ns

    Location             Delay type                Incr(ns)  Path(ns)    Netlist Resource(s)
  -------------------------------------------------------------------    -------------------
                         (clock sys_clk_pin rise edge)
                                                      0.000     0.000 r  
    E3                                                0.000     0.000 r  clk (IN)
                         net (fo=0)                   0.000     0.000    clk
    E3                   IBUF (Prop_ibuf_I_O)         1.482     1.482 r  clk_IBUF_inst/O
                         net (fo=1, routed)           2.025     3.506    clk_IBUF
    BUFGCTRL_X0Y16       BUFG (Prop_bufg_I_O)         0.096     3.602 r  clk_IBUF_BUFG_inst/O
                         net (fo=16, routed)          1.718     5.321    C7S/CNT/clk
    SLICE_X0Y84          FDCE                                         r  C7S/CNT/Q_buf_reg[1]/C
  -------------------------------------------------------------------    -------------------
    SLICE_X0Y84          FDCE (Prop_fdce_C_Q)         0.456     5.777 r  C7S/CNT/Q_buf_reg[1]/Q
                         net (fo=1, routed)           0.762     6.539    C7S/CNT/Q_buf_reg_n_0_[1]
    SLICE_X0Y84          CARRY4 (Prop_carry4_S[1]_CO[3])
                                                      0.674     7.213 r  C7S/CNT/Q_buf_reg[0]_i_1/CO[3]
                         net (fo=1, routed)           0.000     7.213    C7S/CNT/Q_buf_reg[0]_i_1_n_0
    SLICE_X0Y85          CARRY4 (Prop_carry4_CI_CO[3])
                                                      0.114     7.327 r  C7S/CNT/Q_buf_reg[4]_i_1/CO[3]
                         net (fo=1, routed)           0.000     7.327    C7S/CNT/Q_buf_reg[4]_i_1_n_0
    SLICE_X0Y86          CARRY4 (Prop_carry4_CI_CO[3])
                                                      0.114     7.441 r  C7S/CNT/Q_buf_reg[8]_i_1/CO[3]
                         net (fo=1, routed)           0.000     7.441    C7S/CNT/Q_buf_reg[8]_i_1_n_0
    SLICE_X0Y87          CARRY4 (Prop_carry4_CI_O[1])
                                                      0.334     7.775 r  C7S/CNT/Q_buf_reg[12]_i_1/O[1]
                         net (fo=1, routed)           0.000     7.775    C7S/CNT/Q_buf_reg[12]_i_1_n_6
    SLICE_X0Y87          FDCE                                         r  C7S/CNT/Q_buf_reg[13]/D
  -------------------------------------------------------------------    -------------------

                         (clock sys_clk_pin rise edge)
                                                     10.000    10.000 r  
    E3                                                0.000    10.000 r  clk (IN)
                         net (fo=0)                   0.000    10.000    clk
    E3                   IBUF (Prop_ibuf_I_O)         1.411    11.411 r  clk_IBUF_inst/O
                         net (fo=1, routed)           1.920    13.331    clk_IBUF
    BUFGCTRL_X0Y16       BUFG (Prop_bufg_I_O)         0.091    13.422 r  clk_IBUF_BUFG_inst/O
                         net (fo=16, routed)          1.601    15.024    C7S/CNT/clk
    SLICE_X0Y87          FDCE                                         r  C7S/CNT/Q_buf_reg[13]/C
                         clock pessimism              0.275    15.299    
                         clock uncertainty           -0.035    15.263    
    SLICE_X0Y87          FDCE (Setup_fdce_C_D)        0.062    15.325    C7S/CNT/Q_buf_reg[13]
  -------------------------------------------------------------------
                         required time                         15.325    
                         arrival time                          -7.775    
  -------------------------------------------------------------------
                         slack                                  7.551    

Slack (MET) :             7.572ns  (required time - arrival time)
  Source:                 C7S/CNT/Q_buf_reg[1]/C
                            (rising edge-triggered cell FDCE clocked by sys_clk_pin  {rise@0.000ns fall@5.000ns period=10.000ns})
  Destination:            C7S/CNT/Q_buf_reg[15]/D
                            (rising edge-triggered cell FDCE clocked by sys_clk_pin  {rise@0.000ns fall@5.000ns period=10.000ns})
  Path Group:             sys_clk_pin
  Path Type:              Setup (Max at Slow Process Corner)
  Requirement:            10.000ns  (sys_clk_pin rise@10.000ns - sys_clk_pin rise@0.000ns)
  Data Path Delay:        2.433ns  (logic 1.671ns (68.684%)  route 0.762ns (31.316%))
  Logic Levels:           4  (CARRY4=4)
  Clock Path Skew:        -0.022ns (DCD - SCD + CPR)
    Destination Clock Delay (DCD):    5.024ns = ( 15.024 - 10.000 ) 
    Source Clock Delay      (SCD):    5.321ns
    Clock Pessimism Removal (CPR):    0.275ns
  Clock Uncertainty:      0.035ns  ((TSJ^2 + TIJ^2)^1/2 + DJ) / 2 + PE
    Total System Jitter     (TSJ):    0.071ns
    Total Input Jitter      (TIJ):    0.000ns
    Discrete Jitter          (DJ):    0.000ns
    Phase Error              (PE):    0.000ns

    Location             Delay type                Incr(ns)  Path(ns)    Netlist Resource(s)
  -------------------------------------------------------------------    -------------------
                         (clock sys_clk_pin rise edge)
                                                      0.000     0.000 r  
    E3                                                0.000     0.000 r  clk (IN)
                         net (fo=0)                   0.000     0.000    clk
    E3                   IBUF (Prop_ibuf_I_O)         1.482     1.482 r  clk_IBUF_inst/O
                         net (fo=1, routed)           2.025     3.506    clk_IBUF
    BUFGCTRL_X0Y16       BUFG (Prop_bufg_I_O)         0.096     3.602 r  clk_IBUF_BUFG_inst/O
                         net (fo=16, routed)          1.718     5.321    C7S/CNT/clk
    SLICE_X0Y84          FDCE                                         r  C7S/CNT/Q_buf_reg[1]/C
  -------------------------------------------------------------------    -------------------
    SLICE_X0Y84          FDCE (Prop_fdce_C_Q)         0.456     5.777 r  C7S/CNT/Q_buf_reg[1]/Q
                         net (fo=1, routed)           0.762     6.539    C7S/CNT/Q_buf_reg_n_0_[1]
    SLICE_X0Y84          CARRY4 (Prop_carry4_S[1]_CO[3])
                                                      0.674     7.213 r  C7S/CNT/Q_buf_reg[0]_i_1/CO[3]
                         net (fo=1, routed)           0.000     7.213    C7S/CNT/Q_buf_reg[0]_i_1_n_0
    SLICE_X0Y85          CARRY4 (Prop_carry4_CI_CO[3])
                                                      0.114     7.327 r  C7S/CNT/Q_buf_reg[4]_i_1/CO[3]
                         net (fo=1, routed)           0.000     7.327    C7S/CNT/Q_buf_reg[4]_i_1_n_0
    SLICE_X0Y86          CARRY4 (Prop_carry4_CI_CO[3])
                                                      0.114     7.441 r  C7S/CNT/Q_buf_reg[8]_i_1/CO[3]
                         net (fo=1, routed)           0.000     7.441    C7S/CNT/Q_buf_reg[8]_i_1_n_0
    SLICE_X0Y87          CARRY4 (Prop_carry4_CI_O[3])
                                                      0.313     7.754 r  C7S/CNT/Q_buf_reg[12]_i_1/O[3]
                         net (fo=1, routed)           0.000     7.754    C7S/CNT/Q_buf_reg[12]_i_1_n_4
    SLICE_X0Y87          FDCE                                         r  C7S/CNT/Q_buf_reg[15]/D
  -------------------------------------------------------------------    -------------------

                         (clock sys_clk_pin rise edge)
                                                     10.000    10.000 r  
    E3                                                0.000    10.000 r  clk (IN)
                         net (fo=0)                   0.000    10.000    clk
    E3                   IBUF (Prop_ibuf_I_O)         1.411    11.411 r  clk_IBUF_inst/O
                         net (fo=1, routed)           1.920    13.331    clk_IBUF
    BUFGCTRL_X0Y16       BUFG (Prop_bufg_I_O)         0.091    13.422 r  clk_IBUF_BUFG_inst/O
                         net (fo=16, routed)          1.601    15.024    C7S/CNT/clk
    SLICE_X0Y87          FDCE                                         r  C7S/CNT/Q_buf_reg[15]/C
                         clock pessimism              0.275    15.299    
                         clock uncertainty           -0.035    15.263    
    SLICE_X0Y87          FDCE (Setup_fdce_C_D)        0.062    15.325    C7S/CNT/Q_buf_reg[15]
  -------------------------------------------------------------------
                         required time                         15.325    
                         arrival time                          -7.754    
  -------------------------------------------------------------------
                         slack                                  7.572    

Slack (MET) :             7.646ns  (required time - arrival time)
  Source:                 C7S/CNT/Q_buf_reg[1]/C
                            (rising edge-triggered cell FDCE clocked by sys_clk_pin  {rise@0.000ns fall@5.000ns period=10.000ns})
  Destination:            C7S/CNT/Q_buf_reg[14]/D
                            (rising edge-triggered cell FDCE clocked by sys_clk_pin  {rise@0.000ns fall@5.000ns period=10.000ns})
  Path Group:             sys_clk_pin
  Path Type:              Setup (Max at Slow Process Corner)
  Requirement:            10.000ns  (sys_clk_pin rise@10.000ns - sys_clk_pin rise@0.000ns)
  Data Path Delay:        2.359ns  (logic 1.597ns (67.702%)  route 0.762ns (32.298%))
  Logic Levels:           4  (CARRY4=4)
  Clock Path Skew:        -0.022ns (DCD - SCD + CPR)
    Destination Clock Delay (DCD):    5.024ns = ( 15.024 - 10.000 ) 
    Source Clock Delay      (SCD):    5.321ns
    Clock Pessimism Removal (CPR):    0.275ns
  Clock Uncertainty:      0.035ns  ((TSJ^2 + TIJ^2)^1/2 + DJ) / 2 + PE
    Total System Jitter     (TSJ):    0.071ns
    Total Input Jitter      (TIJ):    0.000ns
    Discrete Jitter          (DJ):    0.000ns
    Phase Error              (PE):    0.000ns

    Location             Delay type                Incr(ns)  Path(ns)    Netlist Resource(s)
  -------------------------------------------------------------------    -------------------
                         (clock sys_clk_pin rise edge)
                                                      0.000     0.000 r  
    E3                                                0.000     0.000 r  clk (IN)
                         net (fo=0)                   0.000     0.000    clk
    E3                   IBUF (Prop_ibuf_I_O)         1.482     1.482 r  clk_IBUF_inst/O
                         net (fo=1, routed)           2.025     3.506    clk_IBUF
    BUFGCTRL_X0Y16       BUFG (Prop_bufg_I_O)         0.096     3.602 r  clk_IBUF_BUFG_inst/O
                         net (fo=16, routed)          1.718     5.321    C7S/CNT/clk
    SLICE_X0Y84          FDCE                                         r  C7S/CNT/Q_buf_reg[1]/C
  -------------------------------------------------------------------    -------------------
    SLICE_X0Y84          FDCE (Prop_fdce_C_Q)         0.456     5.777 r  C7S/CNT/Q_buf_reg[1]/Q
                         net (fo=1, routed)           0.762     6.539    C7S/CNT/Q_buf_reg_n_0_[1]
    SLICE_X0Y84          CARRY4 (Prop_carry4_S[1]_CO[3])
                                                      0.674     7.213 r  C7S/CNT/Q_buf_reg[0]_i_1/CO[3]
                         net (fo=1, routed)           0.000     7.213    C7S/CNT/Q_buf_reg[0]_i_1_n_0
    SLICE_X0Y85          CARRY4 (Prop_carry4_CI_CO[3])
                                                      0.114     7.327 r  C7S/CNT/Q_buf_reg[4]_i_1/CO[3]
                         net (fo=1, routed)           0.000     7.327    C7S/CNT/Q_buf_reg[4]_i_1_n_0
    SLICE_X0Y86          CARRY4 (Prop_carry4_CI_CO[3])
                                                      0.114     7.441 r  C7S/CNT/Q_buf_reg[8]_i_1/CO[3]
                         net (fo=1, routed)           0.000     7.441    C7S/CNT/Q_buf_reg[8]_i_1_n_0
    SLICE_X0Y87          CARRY4 (Prop_carry4_CI_O[2])
                                                      0.239     7.680 r  C7S/CNT/Q_buf_reg[12]_i_1/O[2]
                         net (fo=1, routed)           0.000     7.680    C7S/CNT/Q_buf_reg[12]_i_1_n_5
    SLICE_X0Y87          FDCE                                         r  C7S/CNT/Q_buf_reg[14]/D
  -------------------------------------------------------------------    -------------------

                         (clock sys_clk_pin rise edge)
                                                     10.000    10.000 r  
    E3                                                0.000    10.000 r  clk (IN)
                         net (fo=0)                   0.000    10.000    clk
    E3                   IBUF (Prop_ibuf_I_O)         1.411    11.411 r  clk_IBUF_inst/O
                         net (fo=1, routed)           1.920    13.331    clk_IBUF
    BUFGCTRL_X0Y16       BUFG (Prop_bufg_I_O)         0.091    13.422 r  clk_IBUF_BUFG_inst/O
                         net (fo=16, routed)          1.601    15.024    C7S/CNT/clk
    SLICE_X0Y87          FDCE                                         r  C7S/CNT/Q_buf_reg[14]/C
                         clock pessimism              0.275    15.299    
                         clock uncertainty           -0.035    15.263    
    SLICE_X0Y87          FDCE (Setup_fdce_C_D)        0.062    15.325    C7S/CNT/Q_buf_reg[14]
  -------------------------------------------------------------------
                         required time                         15.325    
                         arrival time                          -7.680    
  -------------------------------------------------------------------
                         slack                                  7.646    

Slack (MET) :             7.662ns  (required time - arrival time)
  Source:                 C7S/CNT/Q_buf_reg[1]/C
                            (rising edge-triggered cell FDCE clocked by sys_clk_pin  {rise@0.000ns fall@5.000ns period=10.000ns})
  Destination:            C7S/CNT/Q_buf_reg[12]/D
                            (rising edge-triggered cell FDCE clocked by sys_clk_pin  {rise@0.000ns fall@5.000ns period=10.000ns})
  Path Group:             sys_clk_pin
  Path Type:              Setup (Max at Slow Process Corner)
  Requirement:            10.000ns  (sys_clk_pin rise@10.000ns - sys_clk_pin rise@0.000ns)
  Data Path Delay:        2.343ns  (logic 1.581ns (67.481%)  route 0.762ns (32.519%))
  Logic Levels:           4  (CARRY4=4)
  Clock Path Skew:        -0.022ns (DCD - SCD + CPR)
    Destination Clock Delay (DCD):    5.024ns = ( 15.024 - 10.000 ) 
    Source Clock Delay      (SCD):    5.321ns
    Clock Pessimism Removal (CPR):    0.275ns
  Clock Uncertainty:      0.035ns  ((TSJ^2 + TIJ^2)^1/2 + DJ) / 2 + PE
    Total System Jitter     (TSJ):    0.071ns
    Total Input Jitter      (TIJ):    0.000ns
    Discrete Jitter          (DJ):    0.000ns
    Phase Error              (PE):    0.000ns

    Location             Delay type                Incr(ns)  Path(ns)    Netlist Resource(s)
  -------------------------------------------------------------------    -------------------
                         (clock sys_clk_pin rise edge)
                                                      0.000     0.000 r  
    E3                                                0.000     0.000 r  clk (IN)
                         net (fo=0)                   0.000     0.000    clk
    E3                   IBUF (Prop_ibuf_I_O)         1.482     1.482 r  clk_IBUF_inst/O
                         net (fo=1, routed)           2.025     3.506    clk_IBUF
    BUFGCTRL_X0Y16       BUFG (Prop_bufg_I_O)         0.096     3.602 r  clk_IBUF_BUFG_inst/O
                         net (fo=16, routed)          1.718     5.321    C7S/CNT/clk
    SLICE_X0Y84          FDCE                                         r  C7S/CNT/Q_buf_reg[1]/C
  -------------------------------------------------------------------    -------------------
    SLICE_X0Y84          FDCE (Prop_fdce_C_Q)         0.456     5.777 r  C7S/CNT/Q_buf_reg[1]/Q
                         net (fo=1, routed)           0.762     6.539    C7S/CNT/Q_buf_reg_n_0_[1]
    SLICE_X0Y84          CARRY4 (Prop_carry4_S[1]_CO[3])
                                                      0.674     7.213 r  C7S/CNT/Q_buf_reg[0]_i_1/CO[3]
                         net (fo=1, routed)           0.000     7.213    C7S/CNT/Q_buf_reg[0]_i_1_n_0
    SLICE_X0Y85          CARRY4 (Prop_carry4_CI_CO[3])
                                                      0.114     7.327 r  C7S/CNT/Q_buf_reg[4]_i_1/CO[3]
                         net (fo=1, routed)           0.000     7.327    C7S/CNT/Q_buf_reg[4]_i_1_n_0
    SLICE_X0Y86          CARRY4 (Prop_carry4_CI_CO[3])
                                                      0.114     7.441 r  C7S/CNT/Q_buf_reg[8]_i_1/CO[3]
                         net (fo=1, routed)           0.000     7.441    C7S/CNT/Q_buf_reg[8]_i_1_n_0
    SLICE_X0Y87          CARRY4 (Prop_carry4_CI_O[0])
                                                      0.223     7.664 r  C7S/CNT/Q_buf_reg[12]_i_1/O[0]
                         net (fo=1, routed)           0.000     7.664    C7S/CNT/Q_buf_reg[12]_i_1_n_7
    SLICE_X0Y87          FDCE                                         r  C7S/CNT/Q_buf_reg[12]/D
  -------------------------------------------------------------------    -------------------

                         (clock sys_clk_pin rise edge)
                                                     10.000    10.000 r  
    E3                                                0.000    10.000 r  clk (IN)
                         net (fo=0)                   0.000    10.000    clk
    E3                   IBUF (Prop_ibuf_I_O)         1.411    11.411 r  clk_IBUF_inst/O
                         net (fo=1, routed)           1.920    13.331    clk_IBUF
    BUFGCTRL_X0Y16       BUFG (Prop_bufg_I_O)         0.091    13.422 r  clk_IBUF_BUFG_inst/O
                         net (fo=16, routed)          1.601    15.024    C7S/CNT/clk
    SLICE_X0Y87          FDCE                                         r  C7S/CNT/Q_buf_reg[12]/C
                         clock pessimism              0.275    15.299    
                         clock uncertainty           -0.035    15.263    
    SLICE_X0Y87          FDCE (Setup_fdce_C_D)        0.062    15.325    C7S/CNT/Q_buf_reg[12]
  -------------------------------------------------------------------
                         required time                         15.325    
                         arrival time                          -7.664    
  -------------------------------------------------------------------
                         slack                                  7.662    

Slack (MET) :             7.664ns  (required time - arrival time)
  Source:                 C7S/CNT/Q_buf_reg[1]/C
                            (rising edge-triggered cell FDCE clocked by sys_clk_pin  {rise@0.000ns fall@5.000ns period=10.000ns})
  Destination:            C7S/CNT/Q_buf_reg[9]/D
                            (rising edge-triggered cell FDCE clocked by sys_clk_pin  {rise@0.000ns fall@5.000ns period=10.000ns})
  Path Group:             sys_clk_pin
  Path Type:              Setup (Max at Slow Process Corner)
  Requirement:            10.000ns  (sys_clk_pin rise@10.000ns - sys_clk_pin rise@0.000ns)
  Data Path Delay:        2.340ns  (logic 1.578ns (67.440%)  route 0.762ns (32.560%))
  Logic Levels:           3  (CARRY4=3)
  Clock Path Skew:        -0.023ns (DCD - SCD + CPR)
    Destination Clock Delay (DCD):    5.023ns = ( 15.023 - 10.000 ) 
    Source Clock Delay      (SCD):    5.321ns
    Clock Pessimism Removal (CPR):    0.275ns
  Clock Uncertainty:      0.035ns  ((TSJ^2 + TIJ^2)^1/2 + DJ) / 2 + PE
    Total System Jitter     (TSJ):    0.071ns
    Total Input Jitter      (TIJ):    0.000ns
    Discrete Jitter          (DJ):    0.000ns
    Phase Error              (PE):    0.000ns

    Location             Delay type                Incr(ns)  Path(ns)    Netlist Resource(s)
  -------------------------------------------------------------------    -------------------
                         (clock sys_clk_pin rise edge)
                                                      0.000     0.000 r  
    E3                                                0.000     0.000 r  clk (IN)
                         net (fo=0)                   0.000     0.000    clk
    E3                   IBUF (Prop_ibuf_I_O)         1.482     1.482 r  clk_IBUF_inst/O
                         net (fo=1, routed)           2.025     3.506    clk_IBUF
    BUFGCTRL_X0Y16       BUFG (Prop_bufg_I_O)         0.096     3.602 r  clk_IBUF_BUFG_inst/O
                         net (fo=16, routed)          1.718     5.321    C7S/CNT/clk
    SLICE_X0Y84          FDCE                                         r  C7S/CNT/Q_buf_reg[1]/C
  -------------------------------------------------------------------    -------------------
    SLICE_X0Y84          FDCE (Prop_fdce_C_Q)         0.456     5.777 r  C7S/CNT/Q_buf_reg[1]/Q
                         net (fo=1, routed)           0.762     6.539    C7S/CNT/Q_buf_reg_n_0_[1]
    SLICE_X0Y84          CARRY4 (Prop_carry4_S[1]_CO[3])
                                                      0.674     7.213 r  C7S/CNT/Q_buf_reg[0]_i_1/CO[3]
                         net (fo=1, routed)           0.000     7.213    C7S/CNT/Q_buf_reg[0]_i_1_n_0
    SLICE_X0Y85          CARRY4 (Prop_carry4_CI_CO[3])
                                                      0.114     7.327 r  C7S/CNT/Q_buf_reg[4]_i_1/CO[3]
                         net (fo=1, routed)           0.000     7.327    C7S/CNT/Q_buf_reg[4]_i_1_n_0
    SLICE_X0Y86          CARRY4 (Prop_carry4_CI_O[1])
                                                      0.334     7.661 r  C7S/CNT/Q_buf_reg[8]_i_1/O[1]
                         net (fo=1, routed)           0.000     7.661    C7S/CNT/Q_buf_reg[8]_i_1_n_6
    SLICE_X0Y86          FDCE                                         r  C7S/CNT/Q_buf_reg[9]/D
  -------------------------------------------------------------------    -------------------

                         (clock sys_clk_pin rise edge)
                                                     10.000    10.000 r  
    E3                                                0.000    10.000 r  clk (IN)
                         net (fo=0)                   0.000    10.000    clk
    E3                   IBUF (Prop_ibuf_I_O)         1.411    11.411 r  clk_IBUF_inst/O
                         net (fo=1, routed)           1.920    13.331    clk_IBUF
    BUFGCTRL_X0Y16       BUFG (Prop_bufg_I_O)         0.091    13.422 r  clk_IBUF_BUFG_inst/O
                         net (fo=16, routed)          1.600    15.023    C7S/CNT/clk
    SLICE_X0Y86          FDCE                                         r  C7S/CNT/Q_buf_reg[9]/C
                         clock pessimism              0.275    15.298    
                         clock uncertainty           -0.035    15.262    
    SLICE_X0Y86          FDCE (Setup_fdce_C_D)        0.062    15.324    C7S/CNT/Q_buf_reg[9]
  -------------------------------------------------------------------
                         required time                         15.324    
                         arrival time                          -7.661    
  -------------------------------------------------------------------
                         slack                                  7.664    

Slack (MET) :             7.685ns  (required time - arrival time)
  Source:                 C7S/CNT/Q_buf_reg[1]/C
                            (rising edge-triggered cell FDCE clocked by sys_clk_pin  {rise@0.000ns fall@5.000ns period=10.000ns})
  Destination:            C7S/CNT/Q_buf_reg[11]/D
                            (rising edge-triggered cell FDCE clocked by sys_clk_pin  {rise@0.000ns fall@5.000ns period=10.000ns})
  Path Group:             sys_clk_pin
  Path Type:              Setup (Max at Slow Process Corner)
  Requirement:            10.000ns  (sys_clk_pin rise@10.000ns - sys_clk_pin rise@0.000ns)
  Data Path Delay:        2.319ns  (logic 1.557ns (67.145%)  route 0.762ns (32.855%))
  Logic Levels:           3  (CARRY4=3)
  Clock Path Skew:        -0.023ns (DCD - SCD + CPR)
    Destination Clock Delay (DCD):    5.023ns = ( 15.023 - 10.000 ) 
    Source Clock Delay      (SCD):    5.321ns
    Clock Pessimism Removal (CPR):    0.275ns
  Clock Uncertainty:      0.035ns  ((TSJ^2 + TIJ^2)^1/2 + DJ) / 2 + PE
    Total System Jitter     (TSJ):    0.071ns
    Total Input Jitter      (TIJ):    0.000ns
    Discrete Jitter          (DJ):    0.000ns
    Phase Error              (PE):    0.000ns

    Location             Delay type                Incr(ns)  Path(ns)    Netlist Resource(s)
  -------------------------------------------------------------------    -------------------
                         (clock sys_clk_pin rise edge)
                                                      0.000     0.000 r  
    E3                                                0.000     0.000 r  clk (IN)
                         net (fo=0)                   0.000     0.000    clk
    E3                   IBUF (Prop_ibuf_I_O)         1.482     1.482 r  clk_IBUF_inst/O
                         net (fo=1, routed)           2.025     3.506    clk_IBUF
    BUFGCTRL_X0Y16       BUFG (Prop_bufg_I_O)         0.096     3.602 r  clk_IBUF_BUFG_inst/O
                         net (fo=16, routed)          1.718     5.321    C7S/CNT/clk
    SLICE_X0Y84          FDCE                                         r  C7S/CNT/Q_buf_reg[1]/C
  -------------------------------------------------------------------    -------------------
    SLICE_X0Y84          FDCE (Prop_fdce_C_Q)         0.456     5.777 r  C7S/CNT/Q_buf_reg[1]/Q
                         net (fo=1, routed)           0.762     6.539    C7S/CNT/Q_buf_reg_n_0_[1]
    SLICE_X0Y84          CARRY4 (Prop_carry4_S[1]_CO[3])
                                                      0.674     7.213 r  C7S/CNT/Q_buf_reg[0]_i_1/CO[3]
                         net (fo=1, routed)           0.000     7.213    C7S/CNT/Q_buf_reg[0]_i_1_n_0
    SLICE_X0Y85          CARRY4 (Prop_carry4_CI_CO[3])
                                                      0.114     7.327 r  C7S/CNT/Q_buf_reg[4]_i_1/CO[3]
                         net (fo=1, routed)           0.000     7.327    C7S/CNT/Q_buf_reg[4]_i_1_n_0
    SLICE_X0Y86          CARRY4 (Prop_carry4_CI_O[3])
                                                      0.313     7.640 r  C7S/CNT/Q_buf_reg[8]_i_1/O[3]
                         net (fo=1, routed)           0.000     7.640    C7S/CNT/Q_buf_reg[8]_i_1_n_4
    SLICE_X0Y86          FDCE                                         r  C7S/CNT/Q_buf_reg[11]/D
  -------------------------------------------------------------------    -------------------

                         (clock sys_clk_pin rise edge)
                                                     10.000    10.000 r  
    E3                                                0.000    10.000 r  clk (IN)
                         net (fo=0)                   0.000    10.000    clk
    E3                   IBUF (Prop_ibuf_I_O)         1.411    11.411 r  clk_IBUF_inst/O
                         net (fo=1, routed)           1.920    13.331    clk_IBUF
    BUFGCTRL_X0Y16       BUFG (Prop_bufg_I_O)         0.091    13.422 r  clk_IBUF_BUFG_inst/O
                         net (fo=16, routed)          1.600    15.023    C7S/CNT/clk
    SLICE_X0Y86          FDCE                                         r  C7S/CNT/Q_buf_reg[11]/C
                         clock pessimism              0.275    15.298    
                         clock uncertainty           -0.035    15.262    
    SLICE_X0Y86          FDCE (Setup_fdce_C_D)        0.062    15.324    C7S/CNT/Q_buf_reg[11]
  -------------------------------------------------------------------
                         required time                         15.324    
                         arrival time                          -7.640    
  -------------------------------------------------------------------
                         slack                                  7.685    

Slack (MET) :             7.759ns  (required time - arrival time)
  Source:                 C7S/CNT/Q_buf_reg[1]/C
                            (rising edge-triggered cell FDCE clocked by sys_clk_pin  {rise@0.000ns fall@5.000ns period=10.000ns})
  Destination:            C7S/CNT/Q_buf_reg[10]/D
                            (rising edge-triggered cell FDCE clocked by sys_clk_pin  {rise@0.000ns fall@5.000ns period=10.000ns})
  Path Group:             sys_clk_pin
  Path Type:              Setup (Max at Slow Process Corner)
  Requirement:            10.000ns  (sys_clk_pin rise@10.000ns - sys_clk_pin rise@0.000ns)
  Data Path Delay:        2.245ns  (logic 1.483ns (66.062%)  route 0.762ns (33.938%))
  Logic Levels:           3  (CARRY4=3)
  Clock Path Skew:        -0.023ns (DCD - SCD + CPR)
    Destination Clock Delay (DCD):    5.023ns = ( 15.023 - 10.000 ) 
    Source Clock Delay      (SCD):    5.321ns
    Clock Pessimism Removal (CPR):    0.275ns
  Clock Uncertainty:      0.035ns  ((TSJ^2 + TIJ^2)^1/2 + DJ) / 2 + PE
    Total System Jitter     (TSJ):    0.071ns
    Total Input Jitter      (TIJ):    0.000ns
    Discrete Jitter          (DJ):    0.000ns
    Phase Error              (PE):    0.000ns

    Location             Delay type                Incr(ns)  Path(ns)    Netlist Resource(s)
  -------------------------------------------------------------------    -------------------
                         (clock sys_clk_pin rise edge)
                                                      0.000     0.000 r  
    E3                                                0.000     0.000 r  clk (IN)
                         net (fo=0)                   0.000     0.000    clk
    E3                   IBUF (Prop_ibuf_I_O)         1.482     1.482 r  clk_IBUF_inst/O
                         net (fo=1, routed)           2.025     3.506    clk_IBUF
    BUFGCTRL_X0Y16       BUFG (Prop_bufg_I_O)         0.096     3.602 r  clk_IBUF_BUFG_inst/O
                         net (fo=16, routed)          1.718     5.321    C7S/CNT/clk
    SLICE_X0Y84          FDCE                                         r  C7S/CNT/Q_buf_reg[1]/C
  -------------------------------------------------------------------    -------------------
    SLICE_X0Y84          FDCE (Prop_fdce_C_Q)         0.456     5.777 r  C7S/CNT/Q_buf_reg[1]/Q
                         net (fo=1, routed)           0.762     6.539    C7S/CNT/Q_buf_reg_n_0_[1]
    SLICE_X0Y84          CARRY4 (Prop_carry4_S[1]_CO[3])
                                                      0.674     7.213 r  C7S/CNT/Q_buf_reg[0]_i_1/CO[3]
                         net (fo=1, routed)           0.000     7.213    C7S/CNT/Q_buf_reg[0]_i_1_n_0
    SLICE_X0Y85          CARRY4 (Prop_carry4_CI_CO[3])
                                                      0.114     7.327 r  C7S/CNT/Q_buf_reg[4]_i_1/CO[3]
                         net (fo=1, routed)           0.000     7.327    C7S/CNT/Q_buf_reg[4]_i_1_n_0
    SLICE_X0Y86          CARRY4 (Prop_carry4_CI_O[2])
                                                      0.239     7.566 r  C7S/CNT/Q_buf_reg[8]_i_1/O[2]
                         net (fo=1, routed)           0.000     7.566    C7S/CNT/Q_buf_reg[8]_i_1_n_5
    SLICE_X0Y86          FDCE                                         r  C7S/CNT/Q_buf_reg[10]/D
  -------------------------------------------------------------------    -------------------

                         (clock sys_clk_pin rise edge)
                                                     10.000    10.000 r  
    E3                                                0.000    10.000 r  clk (IN)
                         net (fo=0)                   0.000    10.000    clk
    E3                   IBUF (Prop_ibuf_I_O)         1.411    11.411 r  clk_IBUF_inst/O
                         net (fo=1, routed)           1.920    13.331    clk_IBUF
    BUFGCTRL_X0Y16       BUFG (Prop_bufg_I_O)         0.091    13.422 r  clk_IBUF_BUFG_inst/O
                         net (fo=16, routed)          1.600    15.023    C7S/CNT/clk
    SLICE_X0Y86          FDCE                                         r  C7S/CNT/Q_buf_reg[10]/C
                         clock pessimism              0.275    15.298    
                         clock uncertainty           -0.035    15.262    
    SLICE_X0Y86          FDCE (Setup_fdce_C_D)        0.062    15.324    C7S/CNT/Q_buf_reg[10]
  -------------------------------------------------------------------
                         required time                         15.324    
                         arrival time                          -7.566    
  -------------------------------------------------------------------
                         slack                                  7.759    

Slack (MET) :             7.775ns  (required time - arrival time)
  Source:                 C7S/CNT/Q_buf_reg[1]/C
                            (rising edge-triggered cell FDCE clocked by sys_clk_pin  {rise@0.000ns fall@5.000ns period=10.000ns})
  Destination:            C7S/CNT/Q_buf_reg[8]/D
                            (rising edge-triggered cell FDCE clocked by sys_clk_pin  {rise@0.000ns fall@5.000ns period=10.000ns})
  Path Group:             sys_clk_pin
  Path Type:              Setup (Max at Slow Process Corner)
  Requirement:            10.000ns  (sys_clk_pin rise@10.000ns - sys_clk_pin rise@0.000ns)
  Data Path Delay:        2.229ns  (logic 1.467ns (65.818%)  route 0.762ns (34.182%))
  Logic Levels:           3  (CARRY4=3)
  Clock Path Skew:        -0.023ns (DCD - SCD + CPR)
    Destination Clock Delay (DCD):    5.023ns = ( 15.023 - 10.000 ) 
    Source Clock Delay      (SCD):    5.321ns
    Clock Pessimism Removal (CPR):    0.275ns
  Clock Uncertainty:      0.035ns  ((TSJ^2 + TIJ^2)^1/2 + DJ) / 2 + PE
    Total System Jitter     (TSJ):    0.071ns
    Total Input Jitter      (TIJ):    0.000ns
    Discrete Jitter          (DJ):    0.000ns
    Phase Error              (PE):    0.000ns

    Location             Delay type                Incr(ns)  Path(ns)    Netlist Resource(s)
  -------------------------------------------------------------------    -------------------
                         (clock sys_clk_pin rise edge)
                                                      0.000     0.000 r  
    E3                                                0.000     0.000 r  clk (IN)
                         net (fo=0)                   0.000     0.000    clk
    E3                   IBUF (Prop_ibuf_I_O)         1.482     1.482 r  clk_IBUF_inst/O
                         net (fo=1, routed)           2.025     3.506    clk_IBUF
    BUFGCTRL_X0Y16       BUFG (Prop_bufg_I_O)         0.096     3.602 r  clk_IBUF_BUFG_inst/O
                         net (fo=16, routed)          1.718     5.321    C7S/CNT/clk
    SLICE_X0Y84          FDCE                                         r  C7S/CNT/Q_buf_reg[1]/C
  -------------------------------------------------------------------    -------------------
    SLICE_X0Y84          FDCE (Prop_fdce_C_Q)         0.456     5.777 r  C7S/CNT/Q_buf_reg[1]/Q
                         net (fo=1, routed)           0.762     6.539    C7S/CNT/Q_buf_reg_n_0_[1]
    SLICE_X0Y84          CARRY4 (Prop_carry4_S[1]_CO[3])
                                                      0.674     7.213 r  C7S/CNT/Q_buf_reg[0]_i_1/CO[3]
                         net (fo=1, routed)           0.000     7.213    C7S/CNT/Q_buf_reg[0]_i_1_n_0
    SLICE_X0Y85          CARRY4 (Prop_carry4_CI_CO[3])
                                                      0.114     7.327 r  C7S/CNT/Q_buf_reg[4]_i_1/CO[3]
                         net (fo=1, routed)           0.000     7.327    C7S/CNT/Q_buf_reg[4]_i_1_n_0
    SLICE_X0Y86          CARRY4 (Prop_carry4_CI_O[0])
                                                      0.223     7.550 r  C7S/CNT/Q_buf_reg[8]_i_1/O[0]
                         net (fo=1, routed)           0.000     7.550    C7S/CNT/Q_buf_reg[8]_i_1_n_7
    SLICE_X0Y86          FDCE                                         r  C7S/CNT/Q_buf_reg[8]/D
  -------------------------------------------------------------------    -------------------

                         (clock sys_clk_pin rise edge)
                                                     10.000    10.000 r  
    E3                                                0.000    10.000 r  clk (IN)
                         net (fo=0)                   0.000    10.000    clk
    E3                   IBUF (Prop_ibuf_I_O)         1.411    11.411 r  clk_IBUF_inst/O
                         net (fo=1, routed)           1.920    13.331    clk_IBUF
    BUFGCTRL_X0Y16       BUFG (Prop_bufg_I_O)         0.091    13.422 r  clk_IBUF_BUFG_inst/O
                         net (fo=16, routed)          1.600    15.023    C7S/CNT/clk
    SLICE_X0Y86          FDCE                                         r  C7S/CNT/Q_buf_reg[8]/C
                         clock pessimism              0.275    15.298    
                         clock uncertainty           -0.035    15.262    
    SLICE_X0Y86          FDCE (Setup_fdce_C_D)        0.062    15.324    C7S/CNT/Q_buf_reg[8]
  -------------------------------------------------------------------
                         required time                         15.324    
                         arrival time                          -7.550    
  -------------------------------------------------------------------
                         slack                                  7.775    

Slack (MET) :             7.778ns  (required time - arrival time)
  Source:                 C7S/CNT/Q_buf_reg[1]/C
                            (rising edge-triggered cell FDCE clocked by sys_clk_pin  {rise@0.000ns fall@5.000ns period=10.000ns})
  Destination:            C7S/CNT/Q_buf_reg[5]/D
                            (rising edge-triggered cell FDCE clocked by sys_clk_pin  {rise@0.000ns fall@5.000ns period=10.000ns})
  Path Group:             sys_clk_pin
  Path Type:              Setup (Max at Slow Process Corner)
  Requirement:            10.000ns  (sys_clk_pin rise@10.000ns - sys_clk_pin rise@0.000ns)
  Data Path Delay:        2.226ns  (logic 1.464ns (65.772%)  route 0.762ns (34.228%))
  Logic Levels:           2  (CARRY4=2)
  Clock Path Skew:        -0.023ns (DCD - SCD + CPR)
    Destination Clock Delay (DCD):    5.023ns = ( 15.023 - 10.000 ) 
    Source Clock Delay      (SCD):    5.321ns
    Clock Pessimism Removal (CPR):    0.275ns
  Clock Uncertainty:      0.035ns  ((TSJ^2 + TIJ^2)^1/2 + DJ) / 2 + PE
    Total System Jitter     (TSJ):    0.071ns
    Total Input Jitter      (TIJ):    0.000ns
    Discrete Jitter          (DJ):    0.000ns
    Phase Error              (PE):    0.000ns

    Location             Delay type                Incr(ns)  Path(ns)    Netlist Resource(s)
  -------------------------------------------------------------------    -------------------
                         (clock sys_clk_pin rise edge)
                                                      0.000     0.000 r  
    E3                                                0.000     0.000 r  clk (IN)
                         net (fo=0)                   0.000     0.000    clk
    E3                   IBUF (Prop_ibuf_I_O)         1.482     1.482 r  clk_IBUF_inst/O
                         net (fo=1, routed)           2.025     3.506    clk_IBUF
    BUFGCTRL_X0Y16       BUFG (Prop_bufg_I_O)         0.096     3.602 r  clk_IBUF_BUFG_inst/O
                         net (fo=16, routed)          1.718     5.321    C7S/CNT/clk
    SLICE_X0Y84          FDCE                                         r  C7S/CNT/Q_buf_reg[1]/C
  -------------------------------------------------------------------    -------------------
    SLICE_X0Y84          FDCE (Prop_fdce_C_Q)         0.456     5.777 r  C7S/CNT/Q_buf_reg[1]/Q
                         net (fo=1, routed)           0.762     6.539    C7S/CNT/Q_buf_reg_n_0_[1]
    SLICE_X0Y84          CARRY4 (Prop_carry4_S[1]_CO[3])
                                                      0.674     7.213 r  C7S/CNT/Q_buf_reg[0]_i_1/CO[3]
                         net (fo=1, routed)           0.000     7.213    C7S/CNT/Q_buf_reg[0]_i_1_n_0
    SLICE_X0Y85          CARRY4 (Prop_carry4_CI_O[1])
                                                      0.334     7.547 r  C7S/CNT/Q_buf_reg[4]_i_1/O[1]
                         net (fo=1, routed)           0.000     7.547    C7S/CNT/Q_buf_reg[4]_i_1_n_6
    SLICE_X0Y85          FDCE                                         r  C7S/CNT/Q_buf_reg[5]/D
  -------------------------------------------------------------------    -------------------

                         (clock sys_clk_pin rise edge)
                                                     10.000    10.000 r  
    E3                                                0.000    10.000 r  clk (IN)
                         net (fo=0)                   0.000    10.000    clk
    E3                   IBUF (Prop_ibuf_I_O)         1.411    11.411 r  clk_IBUF_inst/O
                         net (fo=1, routed)           1.920    13.331    clk_IBUF
    BUFGCTRL_X0Y16       BUFG (Prop_bufg_I_O)         0.091    13.422 r  clk_IBUF_BUFG_inst/O
                         net (fo=16, routed)          1.600    15.023    C7S/CNT/clk
    SLICE_X0Y85          FDCE                                         r  C7S/CNT/Q_buf_reg[5]/C
                         clock pessimism              0.275    15.298    
                         clock uncertainty           -0.035    15.262    
    SLICE_X0Y85          FDCE (Setup_fdce_C_D)        0.062    15.324    C7S/CNT/Q_buf_reg[5]
  -------------------------------------------------------------------
                         required time                         15.324    
                         arrival time                          -7.547    
  -------------------------------------------------------------------
                         slack                                  7.778    

Slack (MET) :             7.799ns  (required time - arrival time)
  Source:                 C7S/CNT/Q_buf_reg[1]/C
                            (rising edge-triggered cell FDCE clocked by sys_clk_pin  {rise@0.000ns fall@5.000ns period=10.000ns})
  Destination:            C7S/CNT/Q_buf_reg[7]/D
                            (rising edge-triggered cell FDCE clocked by sys_clk_pin  {rise@0.000ns fall@5.000ns period=10.000ns})
  Path Group:             sys_clk_pin
  Path Type:              Setup (Max at Slow Process Corner)
  Requirement:            10.000ns  (sys_clk_pin rise@10.000ns - sys_clk_pin rise@0.000ns)
  Data Path Delay:        2.205ns  (logic 1.443ns (65.446%)  route 0.762ns (34.554%))
  Logic Levels:           2  (CARRY4=2)
  Clock Path Skew:        -0.023ns (DCD - SCD + CPR)
    Destination Clock Delay (DCD):    5.023ns = ( 15.023 - 10.000 ) 
    Source Clock Delay      (SCD):    5.321ns
    Clock Pessimism Removal (CPR):    0.275ns
  Clock Uncertainty:      0.035ns  ((TSJ^2 + TIJ^2)^1/2 + DJ) / 2 + PE
    Total System Jitter     (TSJ):    0.071ns
    Total Input Jitter      (TIJ):    0.000ns
    Discrete Jitter          (DJ):    0.000ns
    Phase Error              (PE):    0.000ns

    Location             Delay type                Incr(ns)  Path(ns)    Netlist Resource(s)
  -------------------------------------------------------------------    -------------------
                         (clock sys_clk_pin rise edge)
                                                      0.000     0.000 r  
    E3                                                0.000     0.000 r  clk (IN)
                         net (fo=0)                   0.000     0.000    clk
    E3                   IBUF (Prop_ibuf_I_O)         1.482     1.482 r  clk_IBUF_inst/O
                         net (fo=1, routed)           2.025     3.506    clk_IBUF
    BUFGCTRL_X0Y16       BUFG (Prop_bufg_I_O)         0.096     3.602 r  clk_IBUF_BUFG_inst/O
                         net (fo=16, routed)          1.718     5.321    C7S/CNT/clk
    SLICE_X0Y84          FDCE                                         r  C7S/CNT/Q_buf_reg[1]/C
  -------------------------------------------------------------------    -------------------
    SLICE_X0Y84          FDCE (Prop_fdce_C_Q)         0.456     5.777 r  C7S/CNT/Q_buf_reg[1]/Q
                         net (fo=1, routed)           0.762     6.539    C7S/CNT/Q_buf_reg_n_0_[1]
    SLICE_X0Y84          CARRY4 (Prop_carry4_S[1]_CO[3])
                                                      0.674     7.213 r  C7S/CNT/Q_buf_reg[0]_i_1/CO[3]
                         net (fo=1, routed)           0.000     7.213    C7S/CNT/Q_buf_reg[0]_i_1_n_0
    SLICE_X0Y85          CARRY4 (Prop_carry4_CI_O[3])
                                                      0.313     7.526 r  C7S/CNT/Q_buf_reg[4]_i_1/O[3]
                         net (fo=1, routed)           0.000     7.526    C7S/CNT/Q_buf_reg[4]_i_1_n_4
    SLICE_X0Y85          FDCE                                         r  C7S/CNT/Q_buf_reg[7]/D
  -------------------------------------------------------------------    -------------------

                         (clock sys_clk_pin rise edge)
                                                     10.000    10.000 r  
    E3                                                0.000    10.000 r  clk (IN)
                         net (fo=0)                   0.000    10.000    clk
    E3                   IBUF (Prop_ibuf_I_O)         1.411    11.411 r  clk_IBUF_inst/O
                         net (fo=1, routed)           1.920    13.331    clk_IBUF
    BUFGCTRL_X0Y16       BUFG (Prop_bufg_I_O)         0.091    13.422 r  clk_IBUF_BUFG_inst/O
                         net (fo=16, routed)          1.600    15.023    C7S/CNT/clk
    SLICE_X0Y85          FDCE                                         r  C7S/CNT/Q_buf_reg[7]/C
                         clock pessimism              0.275    15.298    
                         clock uncertainty           -0.035    15.262    
    SLICE_X0Y85          FDCE (Setup_fdce_C_D)        0.062    15.324    C7S/CNT/Q_buf_reg[7]
  -------------------------------------------------------------------
                         required time                         15.324    
                         arrival time                          -7.526    
  -------------------------------------------------------------------
                         slack                                  7.799    





Min Delay Paths
--------------------------------------------------------------------------------------
Slack (MET) :             0.324ns  (arrival time - required time)
  Source:                 C7S/CNT/Q_buf_reg[0]/C
                            (rising edge-triggered cell FDCE clocked by sys_clk_pin  {rise@0.000ns fall@5.000ns period=10.000ns})
  Destination:            C7S/CNT/Q_buf_reg[0]/D
                            (rising edge-triggered cell FDCE clocked by sys_clk_pin  {rise@0.000ns fall@5.000ns period=10.000ns})
  Path Group:             sys_clk_pin
  Path Type:              Hold (Min at Fast Process Corner)
  Requirement:            0.000ns  (sys_clk_pin rise@0.000ns - sys_clk_pin rise@0.000ns)
  Data Path Delay:        0.429ns  (logic 0.256ns (59.730%)  route 0.173ns (40.270%))
  Logic Levels:           2  (CARRY4=1 LUT1=1)
  Clock Path Skew:        0.000ns (DCD - SCD - CPR)
    Destination Clock Delay (DCD):    2.036ns
    Source Clock Delay      (SCD):    1.519ns
    Clock Pessimism Removal (CPR):    0.516ns

    Location             Delay type                Incr(ns)  Path(ns)    Netlist Resource(s)
  -------------------------------------------------------------------    -------------------
                         (clock sys_clk_pin rise edge)
                                                      0.000     0.000 r  
    E3                                                0.000     0.000 r  clk (IN)
                         net (fo=0)                   0.000     0.000    clk
    E3                   IBUF (Prop_ibuf_I_O)         0.250     0.250 r  clk_IBUF_inst/O
                         net (fo=1, routed)           0.644     0.894    clk_IBUF
    BUFGCTRL_X0Y16       BUFG (Prop_bufg_I_O)         0.026     0.920 r  clk_IBUF_BUFG_inst/O
                         net (fo=16, routed)          0.600     1.519    C7S/CNT/clk
    SLICE_X0Y84          FDCE                                         r  C7S/CNT/Q_buf_reg[0]/C
  -------------------------------------------------------------------    -------------------
    SLICE_X0Y84          FDCE (Prop_fdce_C_Q)         0.141     1.660 f  C7S/CNT/Q_buf_reg[0]/Q
                         net (fo=1, routed)           0.173     1.833    C7S/CNT/Q_buf_reg_n_0_[0]
    SLICE_X0Y84          LUT1 (Prop_lut1_I0_O)        0.045     1.878 r  C7S/CNT/Q_buf[0]_i_2/O
                         net (fo=1, routed)           0.000     1.878    C7S/CNT/Q_buf[0]_i_2_n_0
    SLICE_X0Y84          CARRY4 (Prop_carry4_S[0]_O[0])
                                                      0.070     1.948 r  C7S/CNT/Q_buf_reg[0]_i_1/O[0]
                         net (fo=1, routed)           0.000     1.948    C7S/CNT/Q_buf_reg[0]_i_1_n_7
    SLICE_X0Y84          FDCE                                         r  C7S/CNT/Q_buf_reg[0]/D
  -------------------------------------------------------------------    -------------------

                         (clock sys_clk_pin rise edge)
                                                      0.000     0.000 r  
    E3                                                0.000     0.000 r  clk (IN)
                         net (fo=0)                   0.000     0.000    clk
    E3                   IBUF (Prop_ibuf_I_O)         0.438     0.438 r  clk_IBUF_inst/O
                         net (fo=1, routed)           0.699     1.136    clk_IBUF
    BUFGCTRL_X0Y16       BUFG (Prop_bufg_I_O)         0.029     1.165 r  clk_IBUF_BUFG_inst/O
                         net (fo=16, routed)          0.871     2.036    C7S/CNT/clk
    SLICE_X0Y84          FDCE                                         r  C7S/CNT/Q_buf_reg[0]/C
                         clock pessimism             -0.516     1.519    
    SLICE_X0Y84          FDCE (Hold_fdce_C_D)         0.105     1.624    C7S/CNT/Q_buf_reg[0]
  -------------------------------------------------------------------
                         required time                         -1.624    
                         arrival time                           1.948    
  -------------------------------------------------------------------
                         slack                                  0.324    

Slack (MET) :             0.327ns  (arrival time - required time)
  Source:                 C7S/CNT/Q_buf_reg[3]/C
                            (rising edge-triggered cell FDCE clocked by sys_clk_pin  {rise@0.000ns fall@5.000ns period=10.000ns})
  Destination:            C7S/CNT/Q_buf_reg[3]/D
                            (rising edge-triggered cell FDCE clocked by sys_clk_pin  {rise@0.000ns fall@5.000ns period=10.000ns})
  Path Group:             sys_clk_pin
  Path Type:              Hold (Min at Fast Process Corner)
  Requirement:            0.000ns  (sys_clk_pin rise@0.000ns - sys_clk_pin rise@0.000ns)
  Data Path Delay:        0.432ns  (logic 0.249ns (57.658%)  route 0.183ns (42.342%))
  Logic Levels:           1  (CARRY4=1)
  Clock Path Skew:        0.000ns (DCD - SCD - CPR)
    Destination Clock Delay (DCD):    2.036ns
    Source Clock Delay      (SCD):    1.519ns
    Clock Pessimism Removal (CPR):    0.516ns

    Location             Delay type                Incr(ns)  Path(ns)    Netlist Resource(s)
  -------------------------------------------------------------------    -------------------
                         (clock sys_clk_pin rise edge)
                                                      0.000     0.000 r  
    E3                                                0.000     0.000 r  clk (IN)
                         net (fo=0)                   0.000     0.000    clk
    E3                   IBUF (Prop_ibuf_I_O)         0.250     0.250 r  clk_IBUF_inst/O
                         net (fo=1, routed)           0.644     0.894    clk_IBUF
    BUFGCTRL_X0Y16       BUFG (Prop_bufg_I_O)         0.026     0.920 r  clk_IBUF_BUFG_inst/O
                         net (fo=16, routed)          0.600     1.519    C7S/CNT/clk
    SLICE_X0Y84          FDCE                                         r  C7S/CNT/Q_buf_reg[3]/C
  -------------------------------------------------------------------    -------------------
    SLICE_X0Y84          FDCE (Prop_fdce_C_Q)         0.141     1.660 r  C7S/CNT/Q_buf_reg[3]/Q
                         net (fo=1, routed)           0.183     1.843    C7S/CNT/Q_buf_reg_n_0_[3]
    SLICE_X0Y84          CARRY4 (Prop_carry4_S[3]_O[3])
                                                      0.108     1.951 r  C7S/CNT/Q_buf_reg[0]_i_1/O[3]
                         net (fo=1, routed)           0.000     1.951    C7S/CNT/Q_buf_reg[0]_i_1_n_4
    SLICE_X0Y84          FDCE                                         r  C7S/CNT/Q_buf_reg[3]/D
  -------------------------------------------------------------------    -------------------

                         (clock sys_clk_pin rise edge)
                                                      0.000     0.000 r  
    E3                                                0.000     0.000 r  clk (IN)
                         net (fo=0)                   0.000     0.000    clk
    E3                   IBUF (Prop_ibuf_I_O)         0.438     0.438 r  clk_IBUF_inst/O
                         net (fo=1, routed)           0.699     1.136    clk_IBUF
    BUFGCTRL_X0Y16       BUFG (Prop_bufg_I_O)         0.029     1.165 r  clk_IBUF_BUFG_inst/O
                         net (fo=16, routed)          0.871     2.036    C7S/CNT/clk
    SLICE_X0Y84          FDCE                                         r  C7S/CNT/Q_buf_reg[3]/C
                         clock pessimism             -0.516     1.519    
    SLICE_X0Y84          FDCE (Hold_fdce_C_D)         0.105     1.624    C7S/CNT/Q_buf_reg[3]
  -------------------------------------------------------------------
                         required time                         -1.624    
                         arrival time                           1.951    
  -------------------------------------------------------------------
                         slack                                  0.327    

Slack (MET) :             0.327ns  (arrival time - required time)
  Source:                 C7S/CNT/Q_buf_reg[11]/C
                            (rising edge-triggered cell FDCE clocked by sys_clk_pin  {rise@0.000ns fall@5.000ns period=10.000ns})
  Destination:            C7S/CNT/Q_buf_reg[11]/D
                            (rising edge-triggered cell FDCE clocked by sys_clk_pin  {rise@0.000ns fall@5.000ns period=10.000ns})
  Path Group:             sys_clk_pin
  Path Type:              Hold (Min at Fast Process Corner)
  Requirement:            0.000ns  (sys_clk_pin rise@0.000ns - sys_clk_pin rise@0.000ns)
  Data Path Delay:        0.432ns  (logic 0.249ns (57.658%)  route 0.183ns (42.342%))
  Logic Levels:           1  (CARRY4=1)
  Clock Path Skew:        0.000ns (DCD - SCD - CPR)
    Destination Clock Delay (DCD):    2.037ns
    Source Clock Delay      (SCD):    1.519ns
    Clock Pessimism Removal (CPR):    0.517ns

    Location             Delay type                Incr(ns)  Path(ns)    Netlist Resource(s)
  -------------------------------------------------------------------    -------------------
                         (clock sys_clk_pin rise edge)
                                                      0.000     0.000 r  
    E3                                                0.000     0.000 r  clk (IN)
                         net (fo=0)                   0.000     0.000    clk
    E3                   IBUF (Prop_ibuf_I_O)         0.250     0.250 r  clk_IBUF_inst/O
                         net (fo=1, routed)           0.644     0.894    clk_IBUF
    BUFGCTRL_X0Y16       BUFG (Prop_bufg_I_O)         0.026     0.920 r  clk_IBUF_BUFG_inst/O
                         net (fo=16, routed)          0.600     1.519    C7S/CNT/clk
    SLICE_X0Y86          FDCE                                         r  C7S/CNT/Q_buf_reg[11]/C
  -------------------------------------------------------------------    -------------------
    SLICE_X0Y86          FDCE (Prop_fdce_C_Q)         0.141     1.660 r  C7S/CNT/Q_buf_reg[11]/Q
                         net (fo=1, routed)           0.183     1.843    C7S/CNT/Q_buf_reg_n_0_[11]
    SLICE_X0Y86          CARRY4 (Prop_carry4_S[3]_O[3])
                                                      0.108     1.951 r  C7S/CNT/Q_buf_reg[8]_i_1/O[3]
                         net (fo=1, routed)           0.000     1.951    C7S/CNT/Q_buf_reg[8]_i_1_n_4
    SLICE_X0Y86          FDCE                                         r  C7S/CNT/Q_buf_reg[11]/D
  -------------------------------------------------------------------    -------------------

                         (clock sys_clk_pin rise edge)
                                                      0.000     0.000 r  
    E3                                                0.000     0.000 r  clk (IN)
                         net (fo=0)                   0.000     0.000    clk
    E3                   IBUF (Prop_ibuf_I_O)         0.438     0.438 r  clk_IBUF_inst/O
                         net (fo=1, routed)           0.699     1.136    clk_IBUF
    BUFGCTRL_X0Y16       BUFG (Prop_bufg_I_O)         0.029     1.165 r  clk_IBUF_BUFG_inst/O
                         net (fo=16, routed)          0.872     2.037    C7S/CNT/clk
    SLICE_X0Y86          FDCE                                         r  C7S/CNT/Q_buf_reg[11]/C
                         clock pessimism             -0.517     1.519    
    SLICE_X0Y86          FDCE (Hold_fdce_C_D)         0.105     1.624    C7S/CNT/Q_buf_reg[11]
  -------------------------------------------------------------------
                         required time                         -1.624    
                         arrival time                           1.951    
  -------------------------------------------------------------------
                         slack                                  0.327    

Slack (MET) :             0.327ns  (arrival time - required time)
  Source:                 C7S/CNT/Q_buf_reg[12]/C
                            (rising edge-triggered cell FDCE clocked by sys_clk_pin  {rise@0.000ns fall@5.000ns period=10.000ns})
  Destination:            C7S/CNT/Q_buf_reg[12]/D
                            (rising edge-triggered cell FDCE clocked by sys_clk_pin  {rise@0.000ns fall@5.000ns period=10.000ns})
  Path Group:             sys_clk_pin
  Path Type:              Hold (Min at Fast Process Corner)
  Requirement:            0.000ns  (sys_clk_pin rise@0.000ns - sys_clk_pin rise@0.000ns)
  Data Path Delay:        0.432ns  (logic 0.256ns (59.199%)  route 0.176ns (40.801%))
  Logic Levels:           1  (CARRY4=1)
  Clock Path Skew:        0.000ns (DCD - SCD - CPR)
    Destination Clock Delay (DCD):    2.038ns
    Source Clock Delay      (SCD):    1.520ns
    Clock Pessimism Removal (CPR):    0.517ns

    Location             Delay type                Incr(ns)  Path(ns)    Netlist Resource(s)
  -------------------------------------------------------------------    -------------------
                         (clock sys_clk_pin rise edge)
                                                      0.000     0.000 r  
    E3                                                0.000     0.000 r  clk (IN)
                         net (fo=0)                   0.000     0.000    clk
    E3                   IBUF (Prop_ibuf_I_O)         0.250     0.250 r  clk_IBUF_inst/O
                         net (fo=1, routed)           0.644     0.894    clk_IBUF
    BUFGCTRL_X0Y16       BUFG (Prop_bufg_I_O)         0.026     0.920 r  clk_IBUF_BUFG_inst/O
                         net (fo=16, routed)          0.601     1.520    C7S/CNT/clk
    SLICE_X0Y87          FDCE                                         r  C7S/CNT/Q_buf_reg[12]/C
  -------------------------------------------------------------------    -------------------
    SLICE_X0Y87          FDCE (Prop_fdce_C_Q)         0.141     1.661 r  C7S/CNT/Q_buf_reg[12]/Q
                         net (fo=1, routed)           0.176     1.838    C7S/CNT/Q_buf_reg_n_0_[12]
    SLICE_X0Y87          CARRY4 (Prop_carry4_S[0]_O[0])
                                                      0.115     1.953 r  C7S/CNT/Q_buf_reg[12]_i_1/O[0]
                         net (fo=1, routed)           0.000     1.953    C7S/CNT/Q_buf_reg[12]_i_1_n_7
    SLICE_X0Y87          FDCE                                         r  C7S/CNT/Q_buf_reg[12]/D
  -------------------------------------------------------------------    -------------------

                         (clock sys_clk_pin rise edge)
                                                      0.000     0.000 r  
    E3                                                0.000     0.000 r  clk (IN)
                         net (fo=0)                   0.000     0.000    clk
    E3                   IBUF (Prop_ibuf_I_O)         0.438     0.438 r  clk_IBUF_inst/O
                         net (fo=1, routed)           0.699     1.136    clk_IBUF
    BUFGCTRL_X0Y16       BUFG (Prop_bufg_I_O)         0.029     1.165 r  clk_IBUF_BUFG_inst/O
                         net (fo=16, routed)          0.873     2.038    C7S/CNT/clk
    SLICE_X0Y87          FDCE                                         r  C7S/CNT/Q_buf_reg[12]/C
                         clock pessimism             -0.517     1.520    
    SLICE_X0Y87          FDCE (Hold_fdce_C_D)         0.105     1.625    C7S/CNT/Q_buf_reg[12]
  -------------------------------------------------------------------
                         required time                         -1.625    
                         arrival time                           1.953    
  -------------------------------------------------------------------
                         slack                                  0.327    

Slack (MET) :             0.351ns  (arrival time - required time)
  Source:                 C7S/CNT/Q_buf_reg[15]/C
                            (rising edge-triggered cell FDCE clocked by sys_clk_pin  {rise@0.000ns fall@5.000ns period=10.000ns})
  Destination:            C7S/CNT/Q_buf_reg[15]/D
                            (rising edge-triggered cell FDCE clocked by sys_clk_pin  {rise@0.000ns fall@5.000ns period=10.000ns})
  Path Group:             sys_clk_pin
  Path Type:              Hold (Min at Fast Process Corner)
  Requirement:            0.000ns  (sys_clk_pin rise@0.000ns - sys_clk_pin rise@0.000ns)
  Data Path Delay:        0.456ns  (logic 0.249ns (54.634%)  route 0.207ns (45.366%))
  Logic Levels:           1  (CARRY4=1)
  Clock Path Skew:        0.000ns (DCD - SCD - CPR)
    Destination Clock Delay (DCD):    2.038ns
    Source Clock Delay      (SCD):    1.520ns
    Clock Pessimism Removal (CPR):    0.517ns

    Location             Delay type                Incr(ns)  Path(ns)    Netlist Resource(s)
  -------------------------------------------------------------------    -------------------
                         (clock sys_clk_pin rise edge)
                                                      0.000     0.000 r  
    E3                                                0.000     0.000 r  clk (IN)
                         net (fo=0)                   0.000     0.000    clk
    E3                   IBUF (Prop_ibuf_I_O)         0.250     0.250 r  clk_IBUF_inst/O
                         net (fo=1, routed)           0.644     0.894    clk_IBUF
    BUFGCTRL_X0Y16       BUFG (Prop_bufg_I_O)         0.026     0.920 r  clk_IBUF_BUFG_inst/O
                         net (fo=16, routed)          0.601     1.520    C7S/CNT/clk
    SLICE_X0Y87          FDCE                                         r  C7S/CNT/Q_buf_reg[15]/C
  -------------------------------------------------------------------    -------------------
    SLICE_X0Y87          FDCE (Prop_fdce_C_Q)         0.141     1.661 r  C7S/CNT/Q_buf_reg[15]/Q
                         net (fo=11, routed)          0.207     1.868    C7S/CNT/x[2]
    SLICE_X0Y87          CARRY4 (Prop_carry4_S[3]_O[3])
                                                      0.108     1.976 r  C7S/CNT/Q_buf_reg[12]_i_1/O[3]
                         net (fo=1, routed)           0.000     1.976    C7S/CNT/Q_buf_reg[12]_i_1_n_4
    SLICE_X0Y87          FDCE                                         r  C7S/CNT/Q_buf_reg[15]/D
  -------------------------------------------------------------------    -------------------

                         (clock sys_clk_pin rise edge)
                                                      0.000     0.000 r  
    E3                                                0.000     0.000 r  clk (IN)
                         net (fo=0)                   0.000     0.000    clk
    E3                   IBUF (Prop_ibuf_I_O)         0.438     0.438 r  clk_IBUF_inst/O
                         net (fo=1, routed)           0.699     1.136    clk_IBUF
    BUFGCTRL_X0Y16       BUFG (Prop_bufg_I_O)         0.029     1.165 r  clk_IBUF_BUFG_inst/O
                         net (fo=16, routed)          0.873     2.038    C7S/CNT/clk
    SLICE_X0Y87          FDCE                                         r  C7S/CNT/Q_buf_reg[15]/C
                         clock pessimism             -0.517     1.520    
    SLICE_X0Y87          FDCE (Hold_fdce_C_D)         0.105     1.625    C7S/CNT/Q_buf_reg[15]
  -------------------------------------------------------------------
                         required time                         -1.625    
                         arrival time                           1.976    
  -------------------------------------------------------------------
                         slack                                  0.351    

Slack (MET) :             0.360ns  (arrival time - required time)
  Source:                 C7S/CNT/Q_buf_reg[0]/C
                            (rising edge-triggered cell FDCE clocked by sys_clk_pin  {rise@0.000ns fall@5.000ns period=10.000ns})
  Destination:            C7S/CNT/Q_buf_reg[1]/D
                            (rising edge-triggered cell FDCE clocked by sys_clk_pin  {rise@0.000ns fall@5.000ns period=10.000ns})
  Path Group:             sys_clk_pin
  Path Type:              Hold (Min at Fast Process Corner)
  Requirement:            0.000ns  (sys_clk_pin rise@0.000ns - sys_clk_pin rise@0.000ns)
  Data Path Delay:        0.465ns  (logic 0.292ns (62.850%)  route 0.173ns (37.150%))
  Logic Levels:           2  (CARRY4=1 LUT1=1)
  Clock Path Skew:        0.000ns (DCD - SCD - CPR)
    Destination Clock Delay (DCD):    2.036ns
    Source Clock Delay      (SCD):    1.519ns
    Clock Pessimism Removal (CPR):    0.516ns

    Location             Delay type                Incr(ns)  Path(ns)    Netlist Resource(s)
  -------------------------------------------------------------------    -------------------
                         (clock sys_clk_pin rise edge)
                                                      0.000     0.000 r  
    E3                                                0.000     0.000 r  clk (IN)
                         net (fo=0)                   0.000     0.000    clk
    E3                   IBUF (Prop_ibuf_I_O)         0.250     0.250 r  clk_IBUF_inst/O
                         net (fo=1, routed)           0.644     0.894    clk_IBUF
    BUFGCTRL_X0Y16       BUFG (Prop_bufg_I_O)         0.026     0.920 r  clk_IBUF_BUFG_inst/O
                         net (fo=16, routed)          0.600     1.519    C7S/CNT/clk
    SLICE_X0Y84          FDCE                                         r  C7S/CNT/Q_buf_reg[0]/C
  -------------------------------------------------------------------    -------------------
    SLICE_X0Y84          FDCE (Prop_fdce_C_Q)         0.141     1.660 f  C7S/CNT/Q_buf_reg[0]/Q
                         net (fo=1, routed)           0.173     1.833    C7S/CNT/Q_buf_reg_n_0_[0]
    SLICE_X0Y84          LUT1 (Prop_lut1_I0_O)        0.045     1.878 r  C7S/CNT/Q_buf[0]_i_2/O
                         net (fo=1, routed)           0.000     1.878    C7S/CNT/Q_buf[0]_i_2_n_0
    SLICE_X0Y84          CARRY4 (Prop_carry4_S[0]_O[1])
                                                      0.106     1.984 r  C7S/CNT/Q_buf_reg[0]_i_1/O[1]
                         net (fo=1, routed)           0.000     1.984    C7S/CNT/Q_buf_reg[0]_i_1_n_6
    SLICE_X0Y84          FDCE                                         r  C7S/CNT/Q_buf_reg[1]/D
  -------------------------------------------------------------------    -------------------

                         (clock sys_clk_pin rise edge)
                                                      0.000     0.000 r  
    E3                                                0.000     0.000 r  clk (IN)
                         net (fo=0)                   0.000     0.000    clk
    E3                   IBUF (Prop_ibuf_I_O)         0.438     0.438 r  clk_IBUF_inst/O
                         net (fo=1, routed)           0.699     1.136    clk_IBUF
    BUFGCTRL_X0Y16       BUFG (Prop_bufg_I_O)         0.029     1.165 r  clk_IBUF_BUFG_inst/O
                         net (fo=16, routed)          0.871     2.036    C7S/CNT/clk
    SLICE_X0Y84          FDCE                                         r  C7S/CNT/Q_buf_reg[1]/C
                         clock pessimism             -0.516     1.519    
    SLICE_X0Y84          FDCE (Hold_fdce_C_D)         0.105     1.624    C7S/CNT/Q_buf_reg[1]
  -------------------------------------------------------------------
                         required time                         -1.624    
                         arrival time                           1.984    
  -------------------------------------------------------------------
                         slack                                  0.360    

Slack (MET) :             0.363ns  (arrival time - required time)
  Source:                 C7S/CNT/Q_buf_reg[12]/C
                            (rising edge-triggered cell FDCE clocked by sys_clk_pin  {rise@0.000ns fall@5.000ns period=10.000ns})
  Destination:            C7S/CNT/Q_buf_reg[13]/D
                            (rising edge-triggered cell FDCE clocked by sys_clk_pin  {rise@0.000ns fall@5.000ns period=10.000ns})
  Path Group:             sys_clk_pin
  Path Type:              Hold (Min at Fast Process Corner)
  Requirement:            0.000ns  (sys_clk_pin rise@0.000ns - sys_clk_pin rise@0.000ns)
  Data Path Delay:        0.468ns  (logic 0.292ns (62.334%)  route 0.176ns (37.666%))
  Logic Levels:           1  (CARRY4=1)
  Clock Path Skew:        0.000ns (DCD - SCD - CPR)
    Destination Clock Delay (DCD):    2.038ns
    Source Clock Delay      (SCD):    1.520ns
    Clock Pessimism Removal (CPR):    0.517ns

    Location             Delay type                Incr(ns)  Path(ns)    Netlist Resource(s)
  -------------------------------------------------------------------    -------------------
                         (clock sys_clk_pin rise edge)
                                                      0.000     0.000 r  
    E3                                                0.000     0.000 r  clk (IN)
                         net (fo=0)                   0.000     0.000    clk
    E3                   IBUF (Prop_ibuf_I_O)         0.250     0.250 r  clk_IBUF_inst/O
                         net (fo=1, routed)           0.644     0.894    clk_IBUF
    BUFGCTRL_X0Y16       BUFG (Prop_bufg_I_O)         0.026     0.920 r  clk_IBUF_BUFG_inst/O
                         net (fo=16, routed)          0.601     1.520    C7S/CNT/clk
    SLICE_X0Y87          FDCE                                         r  C7S/CNT/Q_buf_reg[12]/C
  -------------------------------------------------------------------    -------------------
    SLICE_X0Y87          FDCE (Prop_fdce_C_Q)         0.141     1.661 r  C7S/CNT/Q_buf_reg[12]/Q
                         net (fo=1, routed)           0.176     1.838    C7S/CNT/Q_buf_reg_n_0_[12]
    SLICE_X0Y87          CARRY4 (Prop_carry4_S[0]_O[1])
                                                      0.151     1.989 r  C7S/CNT/Q_buf_reg[12]_i_1/O[1]
                         net (fo=1, routed)           0.000     1.989    C7S/CNT/Q_buf_reg[12]_i_1_n_6
    SLICE_X0Y87          FDCE                                         r  C7S/CNT/Q_buf_reg[13]/D
  -------------------------------------------------------------------    -------------------

                         (clock sys_clk_pin rise edge)
                                                      0.000     0.000 r  
    E3                                                0.000     0.000 r  clk (IN)
                         net (fo=0)                   0.000     0.000    clk
    E3                   IBUF (Prop_ibuf_I_O)         0.438     0.438 r  clk_IBUF_inst/O
                         net (fo=1, routed)           0.699     1.136    clk_IBUF
    BUFGCTRL_X0Y16       BUFG (Prop_bufg_I_O)         0.029     1.165 r  clk_IBUF_BUFG_inst/O
                         net (fo=16, routed)          0.873     2.038    C7S/CNT/clk
    SLICE_X0Y87          FDCE                                         r  C7S/CNT/Q_buf_reg[13]/C
                         clock pessimism             -0.517     1.520    
    SLICE_X0Y87          FDCE (Hold_fdce_C_D)         0.105     1.625    C7S/CNT/Q_buf_reg[13]
  -------------------------------------------------------------------
                         required time                         -1.625    
                         arrival time                           1.989    
  -------------------------------------------------------------------
                         slack                                  0.363    

Slack (MET) :             0.400ns  (arrival time - required time)
  Source:                 C7S/CNT/Q_buf_reg[0]/C
                            (rising edge-triggered cell FDCE clocked by sys_clk_pin  {rise@0.000ns fall@5.000ns period=10.000ns})
  Destination:            C7S/CNT/Q_buf_reg[2]/D
                            (rising edge-triggered cell FDCE clocked by sys_clk_pin  {rise@0.000ns fall@5.000ns period=10.000ns})
  Path Group:             sys_clk_pin
  Path Type:              Hold (Min at Fast Process Corner)
  Requirement:            0.000ns  (sys_clk_pin rise@0.000ns - sys_clk_pin rise@0.000ns)
  Data Path Delay:        0.505ns  (logic 0.332ns (65.795%)  route 0.173ns (34.205%))
  Logic Levels:           2  (CARRY4=1 LUT1=1)
  Clock Path Skew:        0.000ns (DCD - SCD - CPR)
    Destination Clock Delay (DCD):    2.036ns
    Source Clock Delay      (SCD):    1.519ns
    Clock Pessimism Removal (CPR):    0.516ns

    Location             Delay type                Incr(ns)  Path(ns)    Netlist Resource(s)
  -------------------------------------------------------------------    -------------------
                         (clock sys_clk_pin rise edge)
                                                      0.000     0.000 r  
    E3                                                0.000     0.000 r  clk (IN)
                         net (fo=0)                   0.000     0.000    clk
    E3                   IBUF (Prop_ibuf_I_O)         0.250     0.250 r  clk_IBUF_inst/O
                         net (fo=1, routed)           0.644     0.894    clk_IBUF
    BUFGCTRL_X0Y16       BUFG (Prop_bufg_I_O)         0.026     0.920 r  clk_IBUF_BUFG_inst/O
                         net (fo=16, routed)          0.600     1.519    C7S/CNT/clk
    SLICE_X0Y84          FDCE                                         r  C7S/CNT/Q_buf_reg[0]/C
  -------------------------------------------------------------------    -------------------
    SLICE_X0Y84          FDCE (Prop_fdce_C_Q)         0.141     1.660 f  C7S/CNT/Q_buf_reg[0]/Q
                         net (fo=1, routed)           0.173     1.833    C7S/CNT/Q_buf_reg_n_0_[0]
    SLICE_X0Y84          LUT1 (Prop_lut1_I0_O)        0.045     1.878 r  C7S/CNT/Q_buf[0]_i_2/O
                         net (fo=1, routed)           0.000     1.878    C7S/CNT/Q_buf[0]_i_2_n_0
    SLICE_X0Y84          CARRY4 (Prop_carry4_S[0]_O[2])
                                                      0.146     2.024 r  C7S/CNT/Q_buf_reg[0]_i_1/O[2]
                         net (fo=1, routed)           0.000     2.024    C7S/CNT/Q_buf_reg[0]_i_1_n_5
    SLICE_X0Y84          FDCE                                         r  C7S/CNT/Q_buf_reg[2]/D
  -------------------------------------------------------------------    -------------------

                         (clock sys_clk_pin rise edge)
                                                      0.000     0.000 r  
    E3                                                0.000     0.000 r  clk (IN)
                         net (fo=0)                   0.000     0.000    clk
    E3                   IBUF (Prop_ibuf_I_O)         0.438     0.438 r  clk_IBUF_inst/O
                         net (fo=1, routed)           0.699     1.136    clk_IBUF
    BUFGCTRL_X0Y16       BUFG (Prop_bufg_I_O)         0.029     1.165 r  clk_IBUF_BUFG_inst/O
                         net (fo=16, routed)          0.871     2.036    C7S/CNT/clk
    SLICE_X0Y84          FDCE                                         r  C7S/CNT/Q_buf_reg[2]/C
                         clock pessimism             -0.516     1.519    
    SLICE_X0Y84          FDCE (Hold_fdce_C_D)         0.105     1.624    C7S/CNT/Q_buf_reg[2]
  -------------------------------------------------------------------
                         required time                         -1.624    
                         arrival time                           2.024    
  -------------------------------------------------------------------
                         slack                                  0.400    

Slack (MET) :             0.403ns  (arrival time - required time)
  Source:                 C7S/CNT/Q_buf_reg[12]/C
                            (rising edge-triggered cell FDCE clocked by sys_clk_pin  {rise@0.000ns fall@5.000ns period=10.000ns})
  Destination:            C7S/CNT/Q_buf_reg[14]/D
                            (rising edge-triggered cell FDCE clocked by sys_clk_pin  {rise@0.000ns fall@5.000ns period=10.000ns})
  Path Group:             sys_clk_pin
  Path Type:              Hold (Min at Fast Process Corner)
  Requirement:            0.000ns  (sys_clk_pin rise@0.000ns - sys_clk_pin rise@0.000ns)
  Data Path Delay:        0.508ns  (logic 0.332ns (65.297%)  route 0.176ns (34.703%))
  Logic Levels:           1  (CARRY4=1)
  Clock Path Skew:        0.000ns (DCD - SCD - CPR)
    Destination Clock Delay (DCD):    2.038ns
    Source Clock Delay      (SCD):    1.520ns
    Clock Pessimism Removal (CPR):    0.517ns

    Location             Delay type                Incr(ns)  Path(ns)    Netlist Resource(s)
  -------------------------------------------------------------------    -------------------
                         (clock sys_clk_pin rise edge)
                                                      0.000     0.000 r  
    E3                                                0.000     0.000 r  clk (IN)
                         net (fo=0)                   0.000     0.000    clk
    E3                   IBUF (Prop_ibuf_I_O)         0.250     0.250 r  clk_IBUF_inst/O
                         net (fo=1, routed)           0.644     0.894    clk_IBUF
    BUFGCTRL_X0Y16       BUFG (Prop_bufg_I_O)         0.026     0.920 r  clk_IBUF_BUFG_inst/O
                         net (fo=16, routed)          0.601     1.520    C7S/CNT/clk
    SLICE_X0Y87          FDCE                                         r  C7S/CNT/Q_buf_reg[12]/C
  -------------------------------------------------------------------    -------------------
    SLICE_X0Y87          FDCE (Prop_fdce_C_Q)         0.141     1.661 r  C7S/CNT/Q_buf_reg[12]/Q
                         net (fo=1, routed)           0.176     1.838    C7S/CNT/Q_buf_reg_n_0_[12]
    SLICE_X0Y87          CARRY4 (Prop_carry4_S[0]_O[2])
                                                      0.191     2.029 r  C7S/CNT/Q_buf_reg[12]_i_1/O[2]
                         net (fo=1, routed)           0.000     2.029    C7S/CNT/Q_buf_reg[12]_i_1_n_5
    SLICE_X0Y87          FDCE                                         r  C7S/CNT/Q_buf_reg[14]/D
  -------------------------------------------------------------------    -------------------

                         (clock sys_clk_pin rise edge)
                                                      0.000     0.000 r  
    E3                                                0.000     0.000 r  clk (IN)
                         net (fo=0)                   0.000     0.000    clk
    E3                   IBUF (Prop_ibuf_I_O)         0.438     0.438 r  clk_IBUF_inst/O
                         net (fo=1, routed)           0.699     1.136    clk_IBUF
    BUFGCTRL_X0Y16       BUFG (Prop_bufg_I_O)         0.029     1.165 r  clk_IBUF_BUFG_inst/O
                         net (fo=16, routed)          0.873     2.038    C7S/CNT/clk
    SLICE_X0Y87          FDCE                                         r  C7S/CNT/Q_buf_reg[14]/C
                         clock pessimism             -0.517     1.520    
    SLICE_X0Y87          FDCE (Hold_fdce_C_D)         0.105     1.625    C7S/CNT/Q_buf_reg[14]
  -------------------------------------------------------------------
                         required time                         -1.625    
                         arrival time                           2.029    
  -------------------------------------------------------------------
                         slack                                  0.403    

Slack (MET) :             0.418ns  (arrival time - required time)
  Source:                 C7S/CNT/Q_buf_reg[3]/C
                            (rising edge-triggered cell FDCE clocked by sys_clk_pin  {rise@0.000ns fall@5.000ns period=10.000ns})
  Destination:            C7S/CNT/Q_buf_reg[4]/D
                            (rising edge-triggered cell FDCE clocked by sys_clk_pin  {rise@0.000ns fall@5.000ns period=10.000ns})
  Path Group:             sys_clk_pin
  Path Type:              Hold (Min at Fast Process Corner)
  Requirement:            0.000ns  (sys_clk_pin rise@0.000ns - sys_clk_pin rise@0.000ns)
  Data Path Delay:        0.538ns  (logic 0.355ns (66.003%)  route 0.183ns (33.997%))
  Logic Levels:           2  (CARRY4=2)
  Clock Path Skew:        0.015ns (DCD - SCD - CPR)
    Destination Clock Delay (DCD):    2.037ns
    Source Clock Delay      (SCD):    1.519ns
    Clock Pessimism Removal (CPR):    0.502ns

    Location             Delay type                Incr(ns)  Path(ns)    Netlist Resource(s)
  -------------------------------------------------------------------    -------------------
                         (clock sys_clk_pin rise edge)
                                                      0.000     0.000 r  
    E3                                                0.000     0.000 r  clk (IN)
                         net (fo=0)                   0.000     0.000    clk
    E3                   IBUF (Prop_ibuf_I_O)         0.250     0.250 r  clk_IBUF_inst/O
                         net (fo=1, routed)           0.644     0.894    clk_IBUF
    BUFGCTRL_X0Y16       BUFG (Prop_bufg_I_O)         0.026     0.920 r  clk_IBUF_BUFG_inst/O
                         net (fo=16, routed)          0.600     1.519    C7S/CNT/clk
    SLICE_X0Y84          FDCE                                         r  C7S/CNT/Q_buf_reg[3]/C
  -------------------------------------------------------------------    -------------------
    SLICE_X0Y84          FDCE (Prop_fdce_C_Q)         0.141     1.660 r  C7S/CNT/Q_buf_reg[3]/Q
                         net (fo=1, routed)           0.183     1.843    C7S/CNT/Q_buf_reg_n_0_[3]
    SLICE_X0Y84          CARRY4 (Prop_carry4_S[3]_CO[3])
                                                      0.160     2.003 r  C7S/CNT/Q_buf_reg[0]_i_1/CO[3]
                         net (fo=1, routed)           0.000     2.003    C7S/CNT/Q_buf_reg[0]_i_1_n_0
    SLICE_X0Y85          CARRY4 (Prop_carry4_CI_O[0])
                                                      0.054     2.057 r  C7S/CNT/Q_buf_reg[4]_i_1/O[0]
                         net (fo=1, routed)           0.000     2.057    C7S/CNT/Q_buf_reg[4]_i_1_n_7
    SLICE_X0Y85          FDCE                                         r  C7S/CNT/Q_buf_reg[4]/D
  -------------------------------------------------------------------    -------------------

                         (clock sys_clk_pin rise edge)
                                                      0.000     0.000 r  
    E3                                                0.000     0.000 r  clk (IN)
                         net (fo=0)                   0.000     0.000    clk
    E3                   IBUF (Prop_ibuf_I_O)         0.438     0.438 r  clk_IBUF_inst/O
                         net (fo=1, routed)           0.699     1.136    clk_IBUF
    BUFGCTRL_X0Y16       BUFG (Prop_bufg_I_O)         0.029     1.165 r  clk_IBUF_BUFG_inst/O
                         net (fo=16, routed)          0.872     2.037    C7S/CNT/clk
    SLICE_X0Y85          FDCE                                         r  C7S/CNT/Q_buf_reg[4]/C
                         clock pessimism             -0.502     1.534    
    SLICE_X0Y85          FDCE (Hold_fdce_C_D)         0.105     1.639    C7S/CNT/Q_buf_reg[4]
  -------------------------------------------------------------------
                         required time                         -1.639    
                         arrival time                           2.057    
  -------------------------------------------------------------------
                         slack                                  0.418    





Pulse Width Checks
--------------------------------------------------------------------------------------
Clock Name:         sys_clk_pin
Waveform(ns):       { 0.000 5.000 }
Period(ns):         10.000
Sources:            { clk }

Check Type        Corner  Lib Pin  Reference Pin  Required(ns)  Actual(ns)  Slack(ns)  Location        Pin
Min Period        n/a     BUFG/I   n/a            2.155         10.000      7.845      BUFGCTRL_X0Y16  clk_IBUF_BUFG_inst/I
Min Period        n/a     FDCE/C   n/a            1.000         10.000      9.000      SLICE_X0Y84     C7S/CNT/Q_buf_reg[0]/C
Min Period        n/a     FDCE/C   n/a            1.000         10.000      9.000      SLICE_X0Y86     C7S/CNT/Q_buf_reg[10]/C
Min Period        n/a     FDCE/C   n/a            1.000         10.000      9.000      SLICE_X0Y86     C7S/CNT/Q_buf_reg[11]/C
Min Period        n/a     FDCE/C   n/a            1.000         10.000      9.000      SLICE_X0Y87     C7S/CNT/Q_buf_reg[12]/C
Min Period        n/a     FDCE/C   n/a            1.000         10.000      9.000      SLICE_X0Y87     C7S/CNT/Q_buf_reg[13]/C
Min Period        n/a     FDCE/C   n/a            1.000         10.000      9.000      SLICE_X0Y87     C7S/CNT/Q_buf_reg[14]/C
Min Period        n/a     FDCE/C   n/a            1.000         10.000      9.000      SLICE_X0Y87     C7S/CNT/Q_buf_reg[15]/C
Min Period        n/a     FDCE/C   n/a            1.000         10.000      9.000      SLICE_X0Y84     C7S/CNT/Q_buf_reg[1]/C
Min Period        n/a     FDCE/C   n/a            1.000         10.000      9.000      SLICE_X0Y84     C7S/CNT/Q_buf_reg[2]/C
Low Pulse Width   Fast    FDCE/C   n/a            0.500         5.000       4.500      SLICE_X0Y84     C7S/CNT/Q_buf_reg[0]/C
Low Pulse Width   Fast    FDCE/C   n/a            0.500         5.000       4.500      SLICE_X0Y84     C7S/CNT/Q_buf_reg[1]/C
Low Pulse Width   Fast    FDCE/C   n/a            0.500         5.000       4.500      SLICE_X0Y84     C7S/CNT/Q_buf_reg[2]/C
Low Pulse Width   Fast    FDCE/C   n/a            0.500         5.000       4.500      SLICE_X0Y84     C7S/CNT/Q_buf_reg[3]/C
Low Pulse Width   Fast    FDCE/C   n/a            0.500         5.000       4.500      SLICE_X0Y86     C7S/CNT/Q_buf_reg[10]/C
Low Pulse Width   Fast    FDCE/C   n/a            0.500         5.000       4.500      SLICE_X0Y86     C7S/CNT/Q_buf_reg[11]/C
Low Pulse Width   Fast    FDCE/C   n/a            0.500         5.000       4.500      SLICE_X0Y87     C7S/CNT/Q_buf_reg[12]/C
Low Pulse Width   Fast    FDCE/C   n/a            0.500         5.000       4.500      SLICE_X0Y87     C7S/CNT/Q_buf_reg[13]/C
Low Pulse Width   Fast    FDCE/C   n/a            0.500         5.000       4.500      SLICE_X0Y87     C7S/CNT/Q_buf_reg[14]/C
Low Pulse Width   Fast    FDCE/C   n/a            0.500         5.000       4.500      SLICE_X0Y87     C7S/CNT/Q_buf_reg[15]/C
High Pulse Width  Slow    FDCE/C   n/a            0.500         5.000       4.500      SLICE_X0Y84     C7S/CNT/Q_buf_reg[0]/C
High Pulse Width  Slow    FDCE/C   n/a            0.500         5.000       4.500      SLICE_X0Y84     C7S/CNT/Q_buf_reg[1]/C
High Pulse Width  Slow    FDCE/C   n/a            0.500         5.000       4.500      SLICE_X0Y84     C7S/CNT/Q_buf_reg[2]/C
High Pulse Width  Slow    FDCE/C   n/a            0.500         5.000       4.500      SLICE_X0Y84     C7S/CNT/Q_buf_reg[3]/C
High Pulse Width  Fast    FDCE/C   n/a            0.500         5.000       4.500      SLICE_X0Y84     C7S/CNT/Q_buf_reg[0]/C
High Pulse Width  Slow    FDCE/C   n/a            0.500         5.000       4.500      SLICE_X0Y86     C7S/CNT/Q_buf_reg[10]/C
High Pulse Width  Fast    FDCE/C   n/a            0.500         5.000       4.500      SLICE_X0Y86     C7S/CNT/Q_buf_reg[10]/C
High Pulse Width  Slow    FDCE/C   n/a            0.500         5.000       4.500      SLICE_X0Y86     C7S/CNT/Q_buf_reg[11]/C
High Pulse Width  Fast    FDCE/C   n/a            0.500         5.000       4.500      SLICE_X0Y86     C7S/CNT/Q_buf_reg[11]/C
High Pulse Width  Slow    FDCE/C   n/a            0.500         5.000       4.500      SLICE_X0Y87     C7S/CNT/Q_buf_reg[12]/C



